2025-04-25 09:20:21 [INFO] core.extraction:extraction.py:process:21 - Start api extraction process 
2025-04-25 09:20:22 [INFO] core.extraction:extraction.py:_fetch_api_data:41 - Fetched data from API: url: https://jsonplaceholder.typicode.com/posts
2025-04-25 09:20:22 [INFO] core.extraction:extraction.py:_save_rawdata_to_local:49 - Start saving raw data into local file: /etl/data/raw/raw_data_1745572821.json
2025-04-25 09:20:22 [INFO] core.extraction:extraction.py:_save_rawdata_to_local:61 - Finish saved data from API to local file: /etl/data/raw/raw_data_1745572821.json
2025-04-25 09:20:22 [INFO] core.extraction:extraction.py:process:24 - Finish api extraction process 
2025-04-25 09:20:22 [INFO] core.transformation:transformation.py:process:19 - data transformation started , transform data file /etl/data/raw/raw_data_1745572821.json
2025-04-25 09:20:22 [INFO] core.transformation:transformation.py:transform:32 - data transformation started
2025-04-25 09:20:22 [INFO] core.transformation:transformation.py:transform:42 - data transformation completed
2025-04-25 09:20:22 [INFO] core.transformation:transformation.py:process:24 - data transformation completed save to file /etl/data/processed/processed_data_1745572821.txt
2025-04-25 09:20:22 [INFO] core.datalake:datalake.py:process:20 - start to write date to datalake both rawdata and processed data
2025-04-25 09:20:22 [INFO] core.datalake:datalake.py:process:34 - read from raw data file /etl/data/raw/raw_data_1745572821.json
2025-04-25 09:20:22 [INFO] core.datalake:datalake.py:process:54 - read from processed data file /etl/data/processed/processed_data_1745572821.txt
2025-04-25 09:20:22 [INFO] core.datalake:datalake.py:process:62 - raw data written to datalake,file path /etl/data/data_lake/raw/data_2025-04-25.json
2025-04-25 09:20:22 [INFO] core.datalake:datalake.py:process:63 - processed data written to datalake,file path:/etl/data/data_lake/processed/data_2025-04-25.txt
2025-04-25 15:04:59 [INFO] core.extraction:extraction.py:process:21 - Start api extraction process 
2025-04-25 15:04:59 [INFO] core.extraction:extraction.py:_fetch_api_data:41 - Fetched data from API: url: https://jsonplaceholder.typicode.com/posts
2025-04-25 15:04:59 [INFO] core.extraction:extraction.py:_save_rawdata_to_local:49 - Start saving raw data into local file: /etl/data/raw/raw_data_1745593499.json
2025-04-25 15:05:00 [INFO] core.extraction:extraction.py:_save_rawdata_to_local:61 - Finish saved data from API to local file: /etl/data/raw/raw_data_1745593499.json
2025-04-25 15:05:00 [INFO] core.extraction:extraction.py:process:24 - Finish api extraction process 
2025-04-25 15:05:00 [INFO] core.transformation:transformation.py:process:19 - data transformation started , transform data file /etl/data/raw/raw_data_1745593499.json
2025-04-25 15:05:00 [INFO] core.transformation:transformation.py:transform:32 - data transformation started
2025-04-25 15:05:00 [INFO] core.transformation:transformation.py:transform:42 - data transformation completed
2025-04-25 15:05:00 [INFO] core.transformation:transformation.py:process:24 - data transformation completed save to file /etl/data/processed/processed_data_1745593499.txt
2025-04-25 15:05:00 [INFO] core.datalake:datalake.py:process:20 - start to write date to datalake both rawdata and processed data
2025-04-25 15:05:00 [INFO] core.datalake:datalake.py:process:34 - read from raw data file /etl/data/raw/raw_data_1745593499.json
2025-04-25 15:05:00 [INFO] core.datalake:datalake.py:process:54 - read from processed data file /etl/data/processed/processed_data_1745593499.txt
2025-04-25 15:05:00 [INFO] core.datalake:datalake.py:process:62 - raw data written to datalake,file path /etl/data/data_lake/raw/data_2025-04-25.json
2025-04-25 15:05:00 [INFO] core.datalake:datalake.py:process:63 - processed data written to datalake,file path:/etl/data/data_lake/processed/data_2025-04-25.txt
